*** Using Compiler 'V5.06 update 5 (build 528)', folder: 'D:\tools\kile\ARM\ARMCC\Bin'
Rebuild target 'shiyan2_2'
assembling startup_stm32f103xe.s...
compiling stm32f1xx_hal_gpio_ex.c...
compiling stm32f1xx_hal_pwr.c...
compiling stm32f1xx_hal_rcc_ex.c...
compiling stm32f1xx_hal.c...
compiling stm32f1xx_hal_cortex.c...
compiling stm32f1xx_hal_exti.c...
compiling stm32f1xx_hal_msp.c...
compiling stm32f1xx_hal_gpio.c...
compiling stm32f1xx_hal_flash.c...
compiling stm32f1xx_hal_flash_ex.c...
compiling stm32f1xx_hal_dma.c...
compiling list.c...
compiling stm32f1xx_hal_rcc.c...
compiling queue.c...
compiling stm32f1xx_hal_uart.c...
compiling timers.c...
compiling stm32f1xx_it.c...
compiling main.c...
compiling heap_4.c...
compiling tasks.c...
compiling event_groups.c...
compiling stream_buffer.c...
compiling port.c...
compiling system_stm32f1xx.c...
compiling cmsis_os2.c...
linking...
Program Size: Code=8524 RO-data=440 RW-data=144 ZI-data=13200  
FromELF: creating hex file...
"shiyan2_2\shiyan2_2.axf" - 0 Error(s), 0 Warning(s).
Build Time Elapsed:  00:00:13
