*** Using Compiler 'V5.06 update 5 (build 528)', folder: 'D:\tools\kile\ARM\ARMCC\Bin'
Rebuild target 'shiyan2_3'
assembling startup_stm32f103xe.s...
compiling stm32f1xx_hal_gpio_ex.c...
compiling stm32f1xx_hal.c...
compiling stm32f1xx_hal_msp.c...
compiling stm32f1xx_hal_pwr.c...
compiling stm32f1xx_hal_gpio.c...
compiling stm32f1xx_hal_cortex.c...
compiling stm32f1xx_hal_rcc_ex.c...
compiling stm32f1xx_hal_flash.c...
compiling stm32f1xx_hal_flash_ex.c...
compiling stm32f1xx_hal_exti.c...
compiling stm32f1xx_hal_rcc.c...
compiling stm32f1xx_hal_dma.c...
compiling list.c...
compiling stm32f1xx_hal_uart.c...
compiling queue.c...
compiling event_groups.c...
compiling timers.c...
compiling stream_buffer.c...
compiling stm32f1xx_it.c...
compiling tasks.c...
compiling heap_4.c...
compiling main.c...
../Core/Src/main.c(169): warning:  #870-D: invalid multibyte character sequence
            UART_SendStr("жӯЈеңЁжӯЈеҗ‘иҝҗиЎҢдё?.....\r\n");
../Core/Src/main.c(171): warning:  #870-D: invalid multibyte character sequence
            UART_SendStr("жӯЈеңЁеҸҚеҗ‘иҝҗиЎҢдё?.....\r\n");
../Core/Src/main.c: 2 warnings, 0 errors
compiling port.c...
compiling system_stm32f1xx.c...
compiling cmsis_os2.c...
linking...
Program Size: Code=11028 RO-data=448 RW-data=148 ZI-data=13268  
FromELF: creating hex file...
"shiyan2_3\shiyan2_3.axf" - 0 Error(s), 2 Warning(s).
Build Time Elapsed:  00:00:12
